[debug] [2024-10-18T01:07:10.029Z] ----------------------------------------------------------------------
[debug] [2024-10-18T01:07:10.031Z] Command:       /Users/dia/.nvm/versions/node/v20.11.1/bin/node /Users/dia/.nvm/versions/node/v20.11.1/bin/firebase emulators:start
[debug] [2024-10-18T01:07:10.031Z] CLI Version:   13.22.1
[debug] [2024-10-18T01:07:10.031Z] Platform:      darwin
[debug] [2024-10-18T01:07:10.031Z] Node Version:  v20.11.1
[debug] [2024-10-18T01:07:10.031Z] Time:          Fri Oct 18 2024 10:07:10 GMT+0900 (Korean Standard Time)
[debug] [2024-10-18T01:07:10.031Z] ----------------------------------------------------------------------
[debug] 
[debug] [2024-10-18T01:07:10.094Z] > command requires scopes: ["email","openid","https://www.googleapis.com/auth/cloudplatformprojects.readonly","https://www.googleapis.com/auth/firebase","https://www.googleapis.com/auth/cloud-platform"]
[debug] [2024-10-18T01:07:10.094Z] > authorizing via signed-in user (jdyoung1031@gmail.com)
[debug] [2024-10-18T01:07:10.184Z] openjdk version "23" 2024-09-17

[debug] [2024-10-18T01:07:10.185Z] OpenJDK Runtime Environment Homebrew (build 23)
OpenJDK 64-Bit Server VM Homebrew (build 23, mixed mode, sharing)

[debug] [2024-10-18T01:07:10.187Z] Parsed Java major version: 23
[info] i  emulators: Starting emulators: auth, firestore {"metadata":{"emulator":{"name":"hub"},"message":"Starting emulators: auth, firestore"}}
[debug] [2024-10-18T01:07:10.787Z] [logging] Logging Emulator only supports listening on one address (127.0.0.1). Not listening on ::1
[debug] [2024-10-18T01:07:10.787Z] [auth] Authentication Emulator only supports listening on one address (127.0.0.1). Not listening on ::1
[debug] [2024-10-18T01:07:10.787Z] [firestore] Firestore Emulator only supports listening on one address (127.0.0.1). Not listening on ::1
[debug] [2024-10-18T01:07:10.787Z] [firestore.websocket] websocket server for firestore only supports listening on one address (127.0.0.1). Not listening on ::1
[debug] [2024-10-18T01:07:10.787Z] assigned listening specs for emulators {"user":{"hub":[{"address":"127.0.0.1","family":"IPv4","port":4400},{"address":"::1","family":"IPv6","port":4400}],"ui":[{"address":"127.0.0.1","family":"IPv4","port":8000},{"address":"::1","family":"IPv6","port":8000}],"logging":[{"address":"127.0.0.1","family":"IPv4","port":4500}],"auth":[{"address":"127.0.0.1","family":"IPv4","port":9099}],"firestore":[{"address":"127.0.0.1","family":"IPv4","port":8080}],"firestore.websocket":[{"address":"127.0.0.1","family":"IPv4","port":9150}]},"metadata":{"message":"assigned listening specs for emulators"}}
[debug] [2024-10-18T01:07:10.790Z] [hub] writing locator at /var/folders/vb/20ct4x5s2jvbtwqnk49f74vh0000gp/T/hub-muna-12a5e.json
[warn] ⚠  firestore: Cloud Firestore Emulator does not support multiple databases yet. {"metadata":{"emulator":{"name":"firestore"},"message":"Cloud Firestore Emulator does not support multiple databases yet."}}
[warn] ⚠  firestore: Did not find a Cloud Firestore rules file specified in a firebase.json config file. {"metadata":{"emulator":{"name":"firestore"},"message":"Did not find a Cloud Firestore rules file specified in a firebase.json config file."}}
[warn] ⚠  firestore: The emulator will default to allowing all reads and writes. Learn more about this option: https://firebase.google.com/docs/emulator-suite/install_and_configure#security_rules_configuration. {"metadata":{"emulator":{"name":"firestore"},"message":"The emulator will default to allowing all reads and writes. Learn more about this option: https://firebase.google.com/docs/emulator-suite/install_and_configure#security_rules_configuration."}}
[debug] [2024-10-18T01:07:10.796Z] Ignoring unsupported arg: auto_download {"metadata":{"emulator":{"name":"firestore"},"message":"Ignoring unsupported arg: auto_download"}}
[debug] [2024-10-18T01:07:10.796Z] Ignoring unsupported arg: single_project_mode_error {"metadata":{"emulator":{"name":"firestore"},"message":"Ignoring unsupported arg: single_project_mode_error"}}
[debug] [2024-10-18T01:07:10.796Z] Starting Firestore Emulator with command {"binary":"java","args":["-Dgoogle.cloud_firestore.debug_log_level=FINE","-Duser.language=en","-jar","/Users/dia/.cache/firebase/emulators/cloud-firestore-emulator-v1.19.8.jar","--host","127.0.0.1","--port",8080,"--websocket_port",9150,"--project_id","muna-12a5e","--single_project_mode",true],"optionalArgs":["port","webchannel_port","host","rules","websocket_port","functions_emulator","seed_from_export","project_id","single_project_mode"],"joinArgs":false,"shell":false,"port":8080} {"metadata":{"emulator":{"name":"firestore"},"message":"Starting Firestore Emulator with command {\"binary\":\"java\",\"args\":[\"-Dgoogle.cloud_firestore.debug_log_level=FINE\",\"-Duser.language=en\",\"-jar\",\"/Users/dia/.cache/firebase/emulators/cloud-firestore-emulator-v1.19.8.jar\",\"--host\",\"127.0.0.1\",\"--port\",8080,\"--websocket_port\",9150,\"--project_id\",\"muna-12a5e\",\"--single_project_mode\",true],\"optionalArgs\":[\"port\",\"webchannel_port\",\"host\",\"rules\",\"websocket_port\",\"functions_emulator\",\"seed_from_export\",\"project_id\",\"single_project_mode\"],\"joinArgs\":false,\"shell\":false,\"port\":8080}"}}
[info] i  firestore: Firestore Emulator logging to firestore-debug.log {"metadata":{"emulator":{"name":"firestore"},"message":"Firestore Emulator logging to \u001b[1mfirestore-debug.log\u001b[22m"}}
[debug] [2024-10-18T01:07:11.462Z] Oct 18, 2024 10:07:11 AM com.google.cloud.datastore.emulator.firestore.websocket.WebSocketServer start
INFO: Started WebSocket server on ws://127.0.0.1:9150
 {"metadata":{"emulator":{"name":"firestore"},"message":"Oct 18, 2024 10:07:11 AM com.google.cloud.datastore.emulator.firestore.websocket.WebSocketServer start\nINFO: Started WebSocket server on ws://127.0.0.1:9150\n"}}
[debug] [2024-10-18T01:07:11.475Z] API endpoint: http:// {"metadata":{"emulator":{"name":"firestore"},"message":"API endpoint: http://"}}
[debug] [2024-10-18T01:07:11.475Z] 127.0.0.1:8080
If you are using a library that supports the FIRESTORE_EMULATOR_HOST environment variable, run:

   export FIRESTORE_EMULATOR_HOST=127.0.0.1:8080

If you are running a Firestore in Datastore Mode project, run:

   export DATASTORE_EMULATOR_HOST=127.0.0.1:8080

Note: Support for Datastore Mode is in preview. If you encounter any bugs please file at https://github.com/firebase/firebase-tools/issues.
Dev App Server is now running.

 {"metadata":{"emulator":{"name":"firestore"},"message":"127.0.0.1:8080\nIf you are using a library that supports the FIRESTORE_EMULATOR_HOST environment variable, run:\n\n   export FIRESTORE_EMULATOR_HOST=127.0.0.1:8080\n\nIf you are running a Firestore in Datastore Mode project, run:\n\n   export DATASTORE_EMULATOR_HOST=127.0.0.1:8080\n\nNote: Support for Datastore Mode is in preview. If you encounter any bugs please file at https://github.com/firebase/firebase-tools/issues.\nDev App Server is now running.\n\n"}}
[info] ✔  firestore: Firestore Emulator UI websocket is running on 9150. {"metadata":{"emulator":{"name":"firestore"},"message":"Firestore Emulator UI websocket is running on 9150."}}
[info] i  ui: downloading ui-v1.14.0.zip... {"metadata":{"emulator":{"name":"ui"},"message":"downloading ui-v1.14.0.zip..."}}
[debug] [2024-10-18T01:07:14.473Z] >>> [apiv2][query] GET https://storage.googleapis.com/firebase-preview-drop/emulator/ui-v1.14.0.zip 
[debug] [2024-10-18T01:07:14.691Z] <<< [apiv2][status] GET https://storage.googleapis.com/firebase-preview-drop/emulator/ui-v1.14.0.zip 200
[debug] [2024-10-18T01:07:14.691Z] <<< [apiv2][body] GET https://storage.googleapis.com/firebase-preview-drop/emulator/ui-v1.14.0.zip [stream]
[debug] [2024-10-18T01:07:14.834Z] Data is 3615311
[debug] [2024-10-18T01:07:14.834Z] [unzip] Entry: client/ (compressed_size=0 bytes, uncompressed_size=0 bytes)
[debug] [2024-10-18T01:07:14.834Z] [unzip] Processing entry: client/
[debug] [2024-10-18T01:07:14.834Z] [unzip] mkdir: /Users/dia/.cache/firebase/emulators/ui-v1.14.0/client/
[debug] [2024-10-18T01:07:14.835Z] [unzip] Entry: client/favicon-16x16.png (compressed_size=293 bytes, uncompressed_size=293 bytes)
[debug] [2024-10-18T01:07:14.835Z] [unzip] Processing entry: client/favicon-16x16.png
[debug] [2024-10-18T01:07:14.835Z] [unzip] else mkdir: /Users/dia/.cache/firebase/emulators/ui-v1.14.0/client
[debug] [2024-10-18T01:07:14.835Z] [unzip] Writing file: /Users/dia/.cache/firebase/emulators/ui-v1.14.0/client/favicon-16x16.png
[debug] [2024-10-18T01:07:14.835Z] [unzip] Entry: client/safari-pinned-tab.svg (compressed_size=1433 bytes, uncompressed_size=2611 bytes)
[debug] [2024-10-18T01:07:14.835Z] [unzip] Processing entry: client/safari-pinned-tab.svg
[debug] [2024-10-18T01:07:14.835Z] [unzip] else mkdir: /Users/dia/.cache/firebase/emulators/ui-v1.14.0/client
[debug] [2024-10-18T01:07:14.835Z] [unzip] deflating: /Users/dia/.cache/firebase/emulators/ui-v1.14.0/client/safari-pinned-tab.svg
[debug] [2024-10-18T01:07:14.837Z] [unzip] Entry: client/favicon.ico (compressed_size=2933 bytes, uncompressed_size=13294 bytes)
[debug] [2024-10-18T01:07:14.837Z] [unzip] Processing entry: client/favicon.ico
[debug] [2024-10-18T01:07:14.837Z] [unzip] else mkdir: /Users/dia/.cache/firebase/emulators/ui-v1.14.0/client
[debug] [2024-10-18T01:07:14.837Z] [unzip] deflating: /Users/dia/.cache/firebase/emulators/ui-v1.14.0/client/favicon.ico
[debug] [2024-10-18T01:07:14.838Z] [unzip] Entry: client/index.html (compressed_size=1363 bytes, uncompressed_size=3071 bytes)
[debug] [2024-10-18T01:07:14.838Z] [unzip] Processing entry: client/index.html
[debug] [2024-10-18T01:07:14.838Z] [unzip] else mkdir: /Users/dia/.cache/firebase/emulators/ui-v1.14.0/client
[debug] [2024-10-18T01:07:14.838Z] [unzip] deflating: /Users/dia/.cache/firebase/emulators/ui-v1.14.0/client/index.html
[debug] [2024-10-18T01:07:14.839Z] [unzip] Entry: client/android-chrome-192x192.png (compressed_size=2684 bytes, uncompressed_size=2684 bytes)
[debug] [2024-10-18T01:07:14.839Z] [unzip] Processing entry: client/android-chrome-192x192.png
[debug] [2024-10-18T01:07:14.839Z] [unzip] else mkdir: /Users/dia/.cache/firebase/emulators/ui-v1.14.0/client
[debug] [2024-10-18T01:07:14.839Z] [unzip] Writing file: /Users/dia/.cache/firebase/emulators/ui-v1.14.0/client/android-chrome-192x192.png
[debug] [2024-10-18T01:07:14.839Z] [unzip] Entry: client/apple-touch-icon.png (compressed_size=2123 bytes, uncompressed_size=2152 bytes)
[debug] [2024-10-18T01:07:14.839Z] [unzip] Processing entry: client/apple-touch-icon.png
[debug] [2024-10-18T01:07:14.839Z] [unzip] else mkdir: /Users/dia/.cache/firebase/emulators/ui-v1.14.0/client
[debug] [2024-10-18T01:07:14.839Z] [unzip] deflating: /Users/dia/.cache/firebase/emulators/ui-v1.14.0/client/apple-touch-icon.png
[debug] [2024-10-18T01:07:14.840Z] [unzip] Entry: client/android-chrome-512x512.png (compressed_size=5369 bytes, uncompressed_size=5411 bytes)
[debug] [2024-10-18T01:07:14.840Z] [unzip] Processing entry: client/android-chrome-512x512.png
[debug] [2024-10-18T01:07:14.840Z] [unzip] else mkdir: /Users/dia/.cache/firebase/emulators/ui-v1.14.0/client
[debug] [2024-10-18T01:07:14.840Z] [unzip] deflating: /Users/dia/.cache/firebase/emulators/ui-v1.14.0/client/android-chrome-512x512.png
[debug] [2024-10-18T01:07:14.840Z] [unzip] Entry: client/manifest.json (compressed_size=245 bytes, uncompressed_size=551 bytes)
[debug] [2024-10-18T01:07:14.840Z] [unzip] Processing entry: client/manifest.json
[debug] [2024-10-18T01:07:14.840Z] [unzip] else mkdir: /Users/dia/.cache/firebase/emulators/ui-v1.14.0/client
[debug] [2024-10-18T01:07:14.840Z] [unzip] deflating: /Users/dia/.cache/firebase/emulators/ui-v1.14.0/client/manifest.json
[debug] [2024-10-18T01:07:14.841Z] [unzip] Entry: client/robots.txt (compressed_size=26 bytes, uncompressed_size=26 bytes)
[debug] [2024-10-18T01:07:14.841Z] [unzip] Processing entry: client/robots.txt
[debug] [2024-10-18T01:07:14.841Z] [unzip] else mkdir: /Users/dia/.cache/firebase/emulators/ui-v1.14.0/client
[debug] [2024-10-18T01:07:14.841Z] [unzip] Writing file: /Users/dia/.cache/firebase/emulators/ui-v1.14.0/client/robots.txt
[debug] [2024-10-18T01:07:14.841Z] [unzip] Entry: client/mstile-150x150.png (compressed_size=2034 bytes, uncompressed_size=2034 bytes)
[debug] [2024-10-18T01:07:14.841Z] [unzip] Processing entry: client/mstile-150x150.png
[debug] [2024-10-18T01:07:14.841Z] [unzip] else mkdir: /Users/dia/.cache/firebase/emulators/ui-v1.14.0/client
[debug] [2024-10-18T01:07:14.841Z] [unzip] Writing file: /Users/dia/.cache/firebase/emulators/ui-v1.14.0/client/mstile-150x150.png
[debug] [2024-10-18T01:07:14.841Z] [unzip] Entry: client/assets/ (compressed_size=0 bytes, uncompressed_size=0 bytes)
[debug] [2024-10-18T01:07:14.841Z] [unzip] Processing entry: client/assets/
[debug] [2024-10-18T01:07:14.841Z] [unzip] mkdir: /Users/dia/.cache/firebase/emulators/ui-v1.14.0/client/assets/
[debug] [2024-10-18T01:07:14.842Z] [unzip] Entry: client/assets/index-ClZTY_JS.js.map (compressed_size=2328270 bytes, uncompressed_size=9947004 bytes)
[debug] [2024-10-18T01:07:14.842Z] [unzip] Processing entry: client/assets/index-ClZTY_JS.js.map
[debug] [2024-10-18T01:07:14.842Z] [unzip] else mkdir: /Users/dia/.cache/firebase/emulators/ui-v1.14.0/client/assets
[debug] [2024-10-18T01:07:14.842Z] [unzip] deflating: /Users/dia/.cache/firebase/emulators/ui-v1.14.0/client/assets/index-ClZTY_JS.js.map
[debug] [2024-10-18T01:07:14.868Z] [unzip] Entry: client/assets/index-ClZTY_JS.js (compressed_size=567195 bytes, uncompressed_size=2035940 bytes)
[debug] [2024-10-18T01:07:14.868Z] [unzip] Processing entry: client/assets/index-ClZTY_JS.js
[debug] [2024-10-18T01:07:14.868Z] [unzip] else mkdir: /Users/dia/.cache/firebase/emulators/ui-v1.14.0/client/assets
[debug] [2024-10-18T01:07:14.869Z] [unzip] deflating: /Users/dia/.cache/firebase/emulators/ui-v1.14.0/client/assets/index-ClZTY_JS.js
[debug] [2024-10-18T01:07:14.875Z] [unzip] Entry: client/assets/index-BdgySamB.css (compressed_size=35979 bytes, uncompressed_size=298654 bytes)
[debug] [2024-10-18T01:07:14.875Z] [unzip] Processing entry: client/assets/index-BdgySamB.css
[debug] [2024-10-18T01:07:14.875Z] [unzip] else mkdir: /Users/dia/.cache/firebase/emulators/ui-v1.14.0/client/assets
[debug] [2024-10-18T01:07:14.875Z] [unzip] deflating: /Users/dia/.cache/firebase/emulators/ui-v1.14.0/client/assets/index-BdgySamB.css
[debug] [2024-10-18T01:07:14.877Z] [unzip] Entry: client/assets/extensions/ (compressed_size=0 bytes, uncompressed_size=0 bytes)
[debug] [2024-10-18T01:07:14.877Z] [unzip] Processing entry: client/assets/extensions/
[debug] [2024-10-18T01:07:14.877Z] [unzip] mkdir: /Users/dia/.cache/firebase/emulators/ui-v1.14.0/client/assets/extensions/
[debug] [2024-10-18T01:07:14.877Z] [unzip] Entry: client/assets/extensions/default-extension.png (compressed_size=1646 bytes, uncompressed_size=1657 bytes)
[debug] [2024-10-18T01:07:14.877Z] [unzip] Processing entry: client/assets/extensions/default-extension.png
[debug] [2024-10-18T01:07:14.877Z] [unzip] else mkdir: /Users/dia/.cache/firebase/emulators/ui-v1.14.0/client/assets/extensions
[debug] [2024-10-18T01:07:14.877Z] [unzip] deflating: /Users/dia/.cache/firebase/emulators/ui-v1.14.0/client/assets/extensions/default-extension.png
[debug] [2024-10-18T01:07:14.878Z] [unzip] Entry: client/assets/img/ (compressed_size=0 bytes, uncompressed_size=0 bytes)
[debug] [2024-10-18T01:07:14.878Z] [unzip] Processing entry: client/assets/img/
[debug] [2024-10-18T01:07:14.878Z] [unzip] mkdir: /Users/dia/.cache/firebase/emulators/ui-v1.14.0/client/assets/img/
[debug] [2024-10-18T01:07:14.878Z] [unzip] Entry: client/assets/img/database.png (compressed_size=29449 bytes, uncompressed_size=29988 bytes)
[debug] [2024-10-18T01:07:14.878Z] [unzip] Processing entry: client/assets/img/database.png
[debug] [2024-10-18T01:07:14.878Z] [unzip] else mkdir: /Users/dia/.cache/firebase/emulators/ui-v1.14.0/client/assets/img
[debug] [2024-10-18T01:07:14.878Z] [unzip] deflating: /Users/dia/.cache/firebase/emulators/ui-v1.14.0/client/assets/img/database.png
[debug] [2024-10-18T01:07:14.878Z] [unzip] Entry: client/assets/provider-icons/ (compressed_size=0 bytes, uncompressed_size=0 bytes)
[debug] [2024-10-18T01:07:14.878Z] [unzip] Processing entry: client/assets/provider-icons/
[debug] [2024-10-18T01:07:14.879Z] [unzip] mkdir: /Users/dia/.cache/firebase/emulators/ui-v1.14.0/client/assets/provider-icons/
[debug] [2024-10-18T01:07:14.879Z] [unzip] Entry: client/assets/provider-icons/auth_service_saml.svg (compressed_size=575 bytes, uncompressed_size=1226 bytes)
[debug] [2024-10-18T01:07:14.879Z] [unzip] Processing entry: client/assets/provider-icons/auth_service_saml.svg
[debug] [2024-10-18T01:07:14.879Z] [unzip] else mkdir: /Users/dia/.cache/firebase/emulators/ui-v1.14.0/client/assets/provider-icons
[debug] [2024-10-18T01:07:14.879Z] [unzip] deflating: /Users/dia/.cache/firebase/emulators/ui-v1.14.0/client/assets/provider-icons/auth_service_saml.svg
[debug] [2024-10-18T01:07:14.879Z] [unzip] Entry: client/assets/provider-icons/auth_service_phone.svg (compressed_size=261 bytes, uncompressed_size=414 bytes)
[debug] [2024-10-18T01:07:14.879Z] [unzip] Processing entry: client/assets/provider-icons/auth_service_phone.svg
[debug] [2024-10-18T01:07:14.879Z] [unzip] else mkdir: /Users/dia/.cache/firebase/emulators/ui-v1.14.0/client/assets/provider-icons
[debug] [2024-10-18T01:07:14.879Z] [unzip] deflating: /Users/dia/.cache/firebase/emulators/ui-v1.14.0/client/assets/provider-icons/auth_service_phone.svg
[debug] [2024-10-18T01:07:14.880Z] [unzip] Entry: client/assets/provider-icons/auth_service_facebook.svg (compressed_size=289 bytes, uncompressed_size=457 bytes)
[debug] [2024-10-18T01:07:14.880Z] [unzip] Processing entry: client/assets/provider-icons/auth_service_facebook.svg
[debug] [2024-10-18T01:07:14.880Z] [unzip] else mkdir: /Users/dia/.cache/firebase/emulators/ui-v1.14.0/client/assets/provider-icons
[debug] [2024-10-18T01:07:14.880Z] [unzip] deflating: /Users/dia/.cache/firebase/emulators/ui-v1.14.0/client/assets/provider-icons/auth_service_facebook.svg
[debug] [2024-10-18T01:07:14.880Z] [unzip] Entry: client/assets/provider-icons/auth_service_game_center.svg (compressed_size=991 bytes, uncompressed_size=3921 bytes)
[debug] [2024-10-18T01:07:14.880Z] [unzip] Processing entry: client/assets/provider-icons/auth_service_game_center.svg
[debug] [2024-10-18T01:07:14.880Z] [unzip] else mkdir: /Users/dia/.cache/firebase/emulators/ui-v1.14.0/client/assets/provider-icons
[debug] [2024-10-18T01:07:14.880Z] [unzip] deflating: /Users/dia/.cache/firebase/emulators/ui-v1.14.0/client/assets/provider-icons/auth_service_game_center.svg
[debug] [2024-10-18T01:07:14.880Z] [unzip] Entry: client/assets/provider-icons/auth_service_apple.svg (compressed_size=230 bytes, uncompressed_size=334 bytes)
[debug] [2024-10-18T01:07:14.880Z] [unzip] Processing entry: client/assets/provider-icons/auth_service_apple.svg
[debug] [2024-10-18T01:07:14.880Z] [unzip] else mkdir: /Users/dia/.cache/firebase/emulators/ui-v1.14.0/client/assets/provider-icons
[debug] [2024-10-18T01:07:14.880Z] [unzip] deflating: /Users/dia/.cache/firebase/emulators/ui-v1.14.0/client/assets/provider-icons/auth_service_apple.svg
[debug] [2024-10-18T01:07:14.881Z] [unzip] Entry: client/assets/provider-icons/auth_service_github.svg (compressed_size=466 bytes, uncompressed_size=838 bytes)
[debug] [2024-10-18T01:07:14.881Z] [unzip] Processing entry: client/assets/provider-icons/auth_service_github.svg
[debug] [2024-10-18T01:07:14.881Z] [unzip] else mkdir: /Users/dia/.cache/firebase/emulators/ui-v1.14.0/client/assets/provider-icons
[debug] [2024-10-18T01:07:14.881Z] [unzip] deflating: /Users/dia/.cache/firebase/emulators/ui-v1.14.0/client/assets/provider-icons/auth_service_github.svg
[debug] [2024-10-18T01:07:14.881Z] [unzip] Entry: client/assets/provider-icons/auth_service_mslive.svg (compressed_size=203 bytes, uncompressed_size=378 bytes)
[debug] [2024-10-18T01:07:14.881Z] [unzip] Processing entry: client/assets/provider-icons/auth_service_mslive.svg
[debug] [2024-10-18T01:07:14.881Z] [unzip] else mkdir: /Users/dia/.cache/firebase/emulators/ui-v1.14.0/client/assets/provider-icons
[debug] [2024-10-18T01:07:14.881Z] [unzip] deflating: /Users/dia/.cache/firebase/emulators/ui-v1.14.0/client/assets/provider-icons/auth_service_mslive.svg
[debug] [2024-10-18T01:07:14.881Z] [unzip] Entry: client/assets/provider-icons/auth_service_yahoo.svg (compressed_size=577 bytes, uncompressed_size=1182 bytes)
[debug] [2024-10-18T01:07:14.881Z] [unzip] Processing entry: client/assets/provider-icons/auth_service_yahoo.svg
[debug] [2024-10-18T01:07:14.881Z] [unzip] else mkdir: /Users/dia/.cache/firebase/emulators/ui-v1.14.0/client/assets/provider-icons
[debug] [2024-10-18T01:07:14.881Z] [unzip] deflating: /Users/dia/.cache/firebase/emulators/ui-v1.14.0/client/assets/provider-icons/auth_service_yahoo.svg
[debug] [2024-10-18T01:07:14.882Z] [unzip] Entry: client/assets/provider-icons/auth_service_twitter.svg (compressed_size=444 bytes, uncompressed_size=751 bytes)
[debug] [2024-10-18T01:07:14.882Z] [unzip] Processing entry: client/assets/provider-icons/auth_service_twitter.svg
[debug] [2024-10-18T01:07:14.882Z] [unzip] else mkdir: /Users/dia/.cache/firebase/emulators/ui-v1.14.0/client/assets/provider-icons
[debug] [2024-10-18T01:07:14.882Z] [unzip] deflating: /Users/dia/.cache/firebase/emulators/ui-v1.14.0/client/assets/provider-icons/auth_service_twitter.svg
[debug] [2024-10-18T01:07:14.882Z] [unzip] Entry: client/assets/provider-icons/auth_service_play_games.svg (compressed_size=565 bytes, uncompressed_size=1173 bytes)
[debug] [2024-10-18T01:07:14.882Z] [unzip] Processing entry: client/assets/provider-icons/auth_service_play_games.svg
[debug] [2024-10-18T01:07:14.882Z] [unzip] else mkdir: /Users/dia/.cache/firebase/emulators/ui-v1.14.0/client/assets/provider-icons
[debug] [2024-10-18T01:07:14.882Z] [unzip] deflating: /Users/dia/.cache/firebase/emulators/ui-v1.14.0/client/assets/provider-icons/auth_service_play_games.svg
[debug] [2024-10-18T01:07:14.882Z] [unzip] Entry: client/assets/provider-icons/auth_service_email.svg (compressed_size=228 bytes, uncompressed_size=326 bytes)
[debug] [2024-10-18T01:07:14.882Z] [unzip] Processing entry: client/assets/provider-icons/auth_service_email.svg
[debug] [2024-10-18T01:07:14.882Z] [unzip] else mkdir: /Users/dia/.cache/firebase/emulators/ui-v1.14.0/client/assets/provider-icons
[debug] [2024-10-18T01:07:14.883Z] [unzip] deflating: /Users/dia/.cache/firebase/emulators/ui-v1.14.0/client/assets/provider-icons/auth_service_email.svg
[debug] [2024-10-18T01:07:14.883Z] [unzip] Entry: client/assets/provider-icons/auth_service_google.svg (compressed_size=409 bytes, uncompressed_size=720 bytes)
[debug] [2024-10-18T01:07:14.883Z] [unzip] Processing entry: client/assets/provider-icons/auth_service_google.svg
[debug] [2024-10-18T01:07:14.883Z] [unzip] else mkdir: /Users/dia/.cache/firebase/emulators/ui-v1.14.0/client/assets/provider-icons
[debug] [2024-10-18T01:07:14.883Z] [unzip] deflating: /Users/dia/.cache/firebase/emulators/ui-v1.14.0/client/assets/provider-icons/auth_service_google.svg
[debug] [2024-10-18T01:07:14.883Z] [unzip] Entry: client/assets/provider-icons/auth_service_oidc.svg (compressed_size=414 bytes, uncompressed_size=858 bytes)
[debug] [2024-10-18T01:07:14.883Z] [unzip] Processing entry: client/assets/provider-icons/auth_service_oidc.svg
[debug] [2024-10-18T01:07:14.883Z] [unzip] else mkdir: /Users/dia/.cache/firebase/emulators/ui-v1.14.0/client/assets/provider-icons
[debug] [2024-10-18T01:07:14.883Z] [unzip] deflating: /Users/dia/.cache/firebase/emulators/ui-v1.14.0/client/assets/provider-icons/auth_service_oidc.svg
[debug] [2024-10-18T01:07:14.883Z] [unzip] Entry: client/browserconfig.xml (compressed_size=491 bytes, uncompressed_size=822 bytes)
[debug] [2024-10-18T01:07:14.883Z] [unzip] Processing entry: client/browserconfig.xml
[debug] [2024-10-18T01:07:14.883Z] [unzip] else mkdir: /Users/dia/.cache/firebase/emulators/ui-v1.14.0/client
[debug] [2024-10-18T01:07:14.883Z] [unzip] deflating: /Users/dia/.cache/firebase/emulators/ui-v1.14.0/client/browserconfig.xml
[debug] [2024-10-18T01:07:14.884Z] [unzip] Entry: client/favicon-32x32.png (compressed_size=475 bytes, uncompressed_size=475 bytes)
[debug] [2024-10-18T01:07:14.884Z] [unzip] Processing entry: client/favicon-32x32.png
[debug] [2024-10-18T01:07:14.884Z] [unzip] else mkdir: /Users/dia/.cache/firebase/emulators/ui-v1.14.0/client
[debug] [2024-10-18T01:07:14.884Z] [unzip] Writing file: /Users/dia/.cache/firebase/emulators/ui-v1.14.0/client/favicon-32x32.png
[debug] [2024-10-18T01:07:14.884Z] [unzip] Entry: server/ (compressed_size=0 bytes, uncompressed_size=0 bytes)
[debug] [2024-10-18T01:07:14.884Z] [unzip] Processing entry: server/
[debug] [2024-10-18T01:07:14.884Z] [unzip] mkdir: /Users/dia/.cache/firebase/emulators/ui-v1.14.0/server/
[debug] [2024-10-18T01:07:14.884Z] [unzip] Entry: server/server.mjs.map (compressed_size=296496 bytes, uncompressed_size=1355667 bytes)
[debug] [2024-10-18T01:07:14.884Z] [unzip] Processing entry: server/server.mjs.map
[debug] [2024-10-18T01:07:14.884Z] [unzip] else mkdir: /Users/dia/.cache/firebase/emulators/ui-v1.14.0/server
[debug] [2024-10-18T01:07:14.884Z] [unzip] deflating: /Users/dia/.cache/firebase/emulators/ui-v1.14.0/server/server.mjs.map
[debug] [2024-10-18T01:07:14.887Z] [unzip] Entry: server/server.mjs (compressed_size=315701 bytes, uncompressed_size=1172682 bytes)
[debug] [2024-10-18T01:07:14.887Z] [unzip] Processing entry: server/server.mjs
[debug] [2024-10-18T01:07:14.887Z] [unzip] else mkdir: /Users/dia/.cache/firebase/emulators/ui-v1.14.0/server
[debug] [2024-10-18T01:07:14.887Z] [unzip] deflating: /Users/dia/.cache/firebase/emulators/ui-v1.14.0/server/server.mjs
[debug] [2024-10-18T01:07:14.890Z] [unzip] Entry: server/assets/ (compressed_size=0 bytes, uncompressed_size=0 bytes)
[debug] [2024-10-18T01:07:14.890Z] [unzip] Processing entry: server/assets/
[debug] [2024-10-18T01:07:14.890Z] [unzip] mkdir: /Users/dia/.cache/firebase/emulators/ui-v1.14.0/server/assets/
[debug] [2024-10-18T01:07:14.891Z] [unzip] Entry: server/assets/multipart-parser-DGCUZdXu.mjs.map (compressed_size=4791 bytes, uncompressed_size=17918 bytes)
[debug] [2024-10-18T01:07:14.891Z] [unzip] Processing entry: server/assets/multipart-parser-DGCUZdXu.mjs.map
[debug] [2024-10-18T01:07:14.891Z] [unzip] else mkdir: /Users/dia/.cache/firebase/emulators/ui-v1.14.0/server/assets
[debug] [2024-10-18T01:07:14.891Z] [unzip] deflating: /Users/dia/.cache/firebase/emulators/ui-v1.14.0/server/assets/multipart-parser-DGCUZdXu.mjs.map
[debug] [2024-10-18T01:07:14.891Z] [unzip] Entry: server/assets/multipart-parser-DGCUZdXu.mjs (compressed_size=2621 bytes, uncompressed_size=10390 bytes)
[debug] [2024-10-18T01:07:14.891Z] [unzip] Processing entry: server/assets/multipart-parser-DGCUZdXu.mjs
[debug] [2024-10-18T01:07:14.891Z] [unzip] else mkdir: /Users/dia/.cache/firebase/emulators/ui-v1.14.0/server/assets
[debug] [2024-10-18T01:07:14.891Z] [unzip] deflating: /Users/dia/.cache/firebase/emulators/ui-v1.14.0/server/assets/multipart-parser-DGCUZdXu.mjs
[debug] [2024-10-18T01:07:14.892Z] Ignoring unsupported arg: auto_download {"metadata":{"emulator":{"name":"ui"},"message":"Ignoring unsupported arg: auto_download"}}
[debug] [2024-10-18T01:07:14.892Z] Ignoring unsupported arg: port {"metadata":{"emulator":{"name":"ui"},"message":"Ignoring unsupported arg: port"}}
[debug] [2024-10-18T01:07:14.892Z] Starting Emulator UI with command {"binary":"node","args":["/Users/dia/.cache/firebase/emulators/ui-v1.14.0/server/server.mjs"],"optionalArgs":[],"joinArgs":false,"shell":false,"port":4000} {"metadata":{"emulator":{"name":"ui"},"message":"Starting Emulator UI with command {\"binary\":\"node\",\"args\":[\"/Users/dia/.cache/firebase/emulators/ui-v1.14.0/server/server.mjs\"],\"optionalArgs\":[],\"joinArgs\":false,\"shell\":false,\"port\":4000}"}}
[info] i  ui: Emulator UI logging to ui-debug.log {"metadata":{"emulator":{"name":"ui"},"message":"Emulator UI logging to \u001b[1mui-debug.log\u001b[22m"}}
[debug] [2024-10-18T01:07:14.954Z] Web / API server started at 127.0.0.1:8000
 {"metadata":{"emulator":{"name":"ui"},"message":"Web / API server started at 127.0.0.1:8000\n"}}
[debug] [2024-10-18T01:07:14.954Z] Web / API server started at ::1:8000
 {"metadata":{"emulator":{"name":"ui"},"message":"Web / API server started at ::1:8000\n"}}
[debug] [2024-10-18T01:07:15.097Z] Could not find VSCode notification endpoint: FetchError: request to http://localhost:40001/vscode/notify failed, reason: . If you are not running the Firebase Data Connect VSCode extension, this is expected and not an issue.
[info] 
┌─────────────────────────────────────────────────────────────┐
│ ✔  All emulators ready! It is now safe to connect your app. │
│ i  View Emulator UI at http://127.0.0.1:8000/               │
└─────────────────────────────────────────────────────────────┘

┌────────────────┬────────────────┬─────────────────────────────────┐
│ Emulator       │ Host:Port      │ View in Emulator UI             │
├────────────────┼────────────────┼─────────────────────────────────┤
│ Authentication │ 127.0.0.1:9099 │ http://127.0.0.1:8000/auth      │
├────────────────┼────────────────┼─────────────────────────────────┤
│ Firestore      │ 127.0.0.1:8080 │ http://127.0.0.1:8000/firestore │
└────────────────┴────────────────┴─────────────────────────────────┘
  Emulator Hub running at 127.0.0.1:4400
  Other reserved ports: 4500, 9150

Issues? Report them at https://github.com/firebase/firebase-tools/issues and attach the *-debug.log files.
 
[debug] [2024-10-18T01:07:23.091Z] Oct 18, 2024 10:07:23 AM com.google.cloud.datastore.emulator.firestore.websocket.WebSocketChannelHandler initChannel
INFO: Connected to new websocket client
 {"metadata":{"emulator":{"name":"firestore"},"message":"Oct 18, 2024 10:07:23 AM com.google.cloud.datastore.emulator.firestore.websocket.WebSocketChannelHandler initChannel\nINFO: Connected to new websocket client\n"}}
[debug] [2024-10-18T01:07:33.346Z] Oct 18, 2024 10:07:33 AM io.gapi.emulators.netty.HttpVersionRoutingHandler channelRead
INFO: Detected non-HTTP/2 connection.
 {"metadata":{"emulator":{"name":"firestore"},"message":"Oct 18, 2024 10:07:33 AM io.gapi.emulators.netty.HttpVersionRoutingHandler channelRead\nINFO: Detected non-HTTP/2 connection.\n"}}
[debug] [2024-10-18T01:07:33.417Z] Oct 18, 2024 10:07:33 AM io.gapi.emulators.netty.HttpVersionRoutingHandler channelRead
INFO: Detected HTTP/2 connection.
 {"metadata":{"emulator":{"name":"firestore"},"message":"Oct 18, 2024 10:07:33 AM io.gapi.emulators.netty.HttpVersionRoutingHandler channelRead\nINFO: Detected HTTP/2 connection.\n"}}
[warn] ⚠  Received a signed JWT. Auth Emulator does not validate JWTs and IS NOT SECURE {"metadata":{"emulator":{"name":"auth"},"message":"Received a signed JWT. Auth Emulator does not validate JWTs and IS NOT SECURE"}}
[warn] ⚠  Received a signed JWT. Auth Emulator does not validate JWTs and IS NOT SECURE {"metadata":{"emulator":{"name":"auth"},"message":"Received a signed JWT. Auth Emulator does not validate JWTs and IS NOT SECURE"}}
[debug] [2024-10-18T01:11:05.531Z] Oct 18, 2024 10:11:05 AM io.gapi.emulators.netty.HttpVersionRoutingHandler channelRead
INFO: Detected non-HTTP/2 connection.
 {"metadata":{"emulator":{"name":"firestore"},"message":"Oct 18, 2024 10:11:05 AM io.gapi.emulators.netty.HttpVersionRoutingHandler channelRead\nINFO: Detected non-HTTP/2 connection.\n"}}
[debug] [2024-10-18T01:11:05.531Z] Oct 18, 2024 10:11:05 AM io.gapi.emulators.netty.HttpVersionRoutingHandler channelRead
INFO: Detected non-HTTP/2 connection.
 {"metadata":{"emulator":{"name":"firestore"},"message":"Oct 18, 2024 10:11:05 AM io.gapi.emulators.netty.HttpVersionRoutingHandler channelRead\nINFO: Detected non-HTTP/2 connection.\n"}}
[debug] [2024-10-18T01:11:05.963Z] Oct 18, 2024 10:11:05 AM io.gapi.emulators.netty.HttpVersionRoutingHandler channelRead
INFO: Detected non-HTTP/2 connection.
 {"metadata":{"emulator":{"name":"firestore"},"message":"Oct 18, 2024 10:11:05 AM io.gapi.emulators.netty.HttpVersionRoutingHandler channelRead\nINFO: Detected non-HTTP/2 connection.\n"}}
[debug] [2024-10-18T01:11:05.963Z] Oct 18, 2024 10:11:05 AM io.gapi.emulators.netty.HttpVersionRoutingHandler channelRead
INFO: Detected non-HTTP/2 connection.
 {"metadata":{"emulator":{"name":"firestore"},"message":"Oct 18, 2024 10:11:05 AM io.gapi.emulators.netty.HttpVersionRoutingHandler channelRead\nINFO: Detected non-HTTP/2 connection.\n"}}
[debug] [2024-10-18T01:11:05.981Z] Oct 18, 2024 10:11:05 AM io.gapi.emulators.netty.HttpVersionRoutingHandler channelRead
INFO: Detected non-HTTP/2 connection.
 {"metadata":{"emulator":{"name":"firestore"},"message":"Oct 18, 2024 10:11:05 AM io.gapi.emulators.netty.HttpVersionRoutingHandler channelRead\nINFO: Detected non-HTTP/2 connection.\n"}}
[debug] [2024-10-18T01:11:05.984Z] Oct 18, 2024 10:11:05 AM io.gapi.emulators.netty.HttpVersionRoutingHandler channelRead
INFO: Detected non-HTTP/2 connection.
 {"metadata":{"emulator":{"name":"firestore"},"message":"Oct 18, 2024 10:11:05 AM io.gapi.emulators.netty.HttpVersionRoutingHandler channelRead\nINFO: Detected non-HTTP/2 connection.\n"}}
[debug] [2024-10-18T01:11:05.997Z] Oct 18, 2024 10:11:05 AM io.gapi.emulators.netty.HttpVersionRoutingHandler channelRead
INFO: Detected non-HTTP/2 connection.
 {"metadata":{"emulator":{"name":"firestore"},"message":"Oct 18, 2024 10:11:05 AM io.gapi.emulators.netty.HttpVersionRoutingHandler channelRead\nINFO: Detected non-HTTP/2 connection.\n"}}
[debug] [2024-10-18T01:11:06.011Z] Oct 18, 2024 10:11:06 AM io.gapi.emulators.netty.HttpVersionRoutingHandler channelRead
INFO: Detected non-HTTP/2 connection.
 {"metadata":{"emulator":{"name":"firestore"},"message":"Oct 18, 2024 10:11:06 AM io.gapi.emulators.netty.HttpVersionRoutingHandler channelRead\nINFO: Detected non-HTTP/2 connection.\n"}}
[debug] [2024-10-18T01:12:06.000Z] Oct 18, 2024 10:12:05 AM io.gapi.emulators.netty.HttpVersionRoutingHandler channelRead
INFO: Detected non-HTTP/2 connection.
 {"metadata":{"emulator":{"name":"firestore"},"message":"Oct 18, 2024 10:12:05 AM io.gapi.emulators.netty.HttpVersionRoutingHandler channelRead\nINFO: Detected non-HTTP/2 connection.\n"}}
[debug] [2024-10-18T01:12:06.028Z] Oct 18, 2024 10:12:06 AM io.gapi.emulators.netty.HttpVersionRoutingHandler channelRead
INFO: Detected non-HTTP/2 connection.
 {"metadata":{"emulator":{"name":"firestore"},"message":"Oct 18, 2024 10:12:06 AM io.gapi.emulators.netty.HttpVersionRoutingHandler channelRead\nINFO: Detected non-HTTP/2 connection.\n"}}
[debug] [2024-10-18T01:12:06.466Z] Oct 18, 2024 10:12:06 AM io.gapi.emulators.netty.HttpVersionRoutingHandler channelRead
INFO: Detected non-HTTP/2 connection.
 {"metadata":{"emulator":{"name":"firestore"},"message":"Oct 18, 2024 10:12:06 AM io.gapi.emulators.netty.HttpVersionRoutingHandler channelRead\nINFO: Detected non-HTTP/2 connection.\n"}}
[debug] [2024-10-18T01:12:06.467Z] Oct 18, 2024 10:12:06 AM io.gapi.emulators.netty.HttpVersionRoutingHandler channelRead
INFO: Detected non-HTTP/2 connection.
 {"metadata":{"emulator":{"name":"firestore"},"message":"Oct 18, 2024 10:12:06 AM io.gapi.emulators.netty.HttpVersionRoutingHandler channelRead\nINFO: Detected non-HTTP/2 connection.\n"}}
[debug] [2024-10-18T01:12:06.472Z] Oct 18, 2024 10:12:06 AM com.google.cloud.datastore.emulator.firestore.webchannel.FirestoreV1WebChannelAdapter$FirestoreListenHandler onClose
INFO: channel closed
 {"metadata":{"emulator":{"name":"firestore"},"message":"Oct 18, 2024 10:12:06 AM com.google.cloud.datastore.emulator.firestore.webchannel.FirestoreV1WebChannelAdapter$FirestoreListenHandler onClose\nINFO: channel closed\n"}}
[debug] [2024-10-18T01:12:06.473Z] Oct 18, 2024 10:12:06 AM com.google.cloud.datastore.emulator.firestore.webchannel.FirestoreV1WebChannelAdapter$FirestoreListenHandler onClose
INFO: channel closed
 {"metadata":{"emulator":{"name":"firestore"},"message":"Oct 18, 2024 10:12:06 AM com.google.cloud.datastore.emulator.firestore.webchannel.FirestoreV1WebChannelAdapter$FirestoreListenHandler onClose\nINFO: channel closed\n"}}
[debug] [2024-10-18T01:13:38.860Z] Oct 18, 2024 10:13:38 AM io.gapi.emulators.netty.HttpVersionRoutingHandler channelRead
INFO: Detected non-HTTP/2 connection.
 {"metadata":{"emulator":{"name":"firestore"},"message":"Oct 18, 2024 10:13:38 AM io.gapi.emulators.netty.HttpVersionRoutingHandler channelRead\nINFO: Detected non-HTTP/2 connection.\n"}}
[debug] [2024-10-18T01:13:38.946Z] Oct 18, 2024 10:13:38 AM io.gapi.emulators.netty.HttpVersionRoutingHandler channelRead
INFO: Detected non-HTTP/2 connection.
 {"metadata":{"emulator":{"name":"firestore"},"message":"Oct 18, 2024 10:13:38 AM io.gapi.emulators.netty.HttpVersionRoutingHandler channelRead\nINFO: Detected non-HTTP/2 connection.\n"}}
[debug] [2024-10-18T01:13:38.953Z] Oct 18, 2024 10:13:38 AM io.gapi.emulators.netty.HttpVersionRoutingHandler channelRead
INFO: Detected non-HTTP/2 connection.
 {"metadata":{"emulator":{"name":"firestore"},"message":"Oct 18, 2024 10:13:38 AM io.gapi.emulators.netty.HttpVersionRoutingHandler channelRead\nINFO: Detected non-HTTP/2 connection.\n"}}
[debug] [2024-10-18T01:13:38.973Z] Oct 18, 2024 10:13:38 AM io.gapi.emulators.netty.HttpVersionRoutingHandler channelRead
INFO: Detected non-HTTP/2 connection.
 {"metadata":{"emulator":{"name":"firestore"},"message":"Oct 18, 2024 10:13:38 AM io.gapi.emulators.netty.HttpVersionRoutingHandler channelRead\nINFO: Detected non-HTTP/2 connection.\n"}}
[debug] [2024-10-18T01:13:39.745Z] Oct 18, 2024 10:13:39 AM io.gapi.emulators.netty.HttpVersionRoutingHandler channelRead
INFO: Detected non-HTTP/2 connection.
 {"metadata":{"emulator":{"name":"firestore"},"message":"Oct 18, 2024 10:13:39 AM io.gapi.emulators.netty.HttpVersionRoutingHandler channelRead\nINFO: Detected non-HTTP/2 connection.\n"}}
[debug] [2024-10-18T01:13:40.738Z] Oct 18, 2024 10:13:40 AM io.gapi.emulators.netty.HttpVersionRoutingHandler channelRead
INFO: Detected non-HTTP/2 connection.
 {"metadata":{"emulator":{"name":"firestore"},"message":"Oct 18, 2024 10:13:40 AM io.gapi.emulators.netty.HttpVersionRoutingHandler channelRead\nINFO: Detected non-HTTP/2 connection.\n"}}
[debug] [2024-10-18T01:13:40.788Z] Oct 18, 2024 10:13:40 AM io.gapi.emulators.netty.HttpVersionRoutingHandler channelRead
INFO: Detected non-HTTP/2 connection.
 {"metadata":{"emulator":{"name":"firestore"},"message":"Oct 18, 2024 10:13:40 AM io.gapi.emulators.netty.HttpVersionRoutingHandler channelRead\nINFO: Detected non-HTTP/2 connection.\n"}}
[debug] [2024-10-18T01:13:40.808Z] Oct 18, 2024 10:13:40 AM io.gapi.emulators.netty.HttpVersionRoutingHandler channelRead
INFO: Detected non-HTTP/2 connection.
 {"metadata":{"emulator":{"name":"firestore"},"message":"Oct 18, 2024 10:13:40 AM io.gapi.emulators.netty.HttpVersionRoutingHandler channelRead\nINFO: Detected non-HTTP/2 connection.\n"}}
[debug] [2024-10-18T01:13:40.834Z] Oct 18, 2024 10:13:40 AM io.gapi.emulators.netty.HttpVersionRoutingHandler channelRead
INFO: Detected non-HTTP/2 connection.
 {"metadata":{"emulator":{"name":"firestore"},"message":"Oct 18, 2024 10:13:40 AM io.gapi.emulators.netty.HttpVersionRoutingHandler channelRead\nINFO: Detected non-HTTP/2 connection.\n"}}
[debug] [2024-10-18T01:13:40.858Z] Oct 18, 2024 10:13:40 AM io.gapi.emulators.netty.HttpVersionRoutingHandler channelRead
INFO: Detected non-HTTP/2 connection.
 {"metadata":{"emulator":{"name":"firestore"},"message":"Oct 18, 2024 10:13:40 AM io.gapi.emulators.netty.HttpVersionRoutingHandler channelRead\nINFO: Detected non-HTTP/2 connection.\n"}}
[debug] [2024-10-18T01:13:40.890Z] Oct 18, 2024 10:13:40 AM io.gapi.emulators.netty.HttpVersionRoutingHandler channelRead
INFO: Detected non-HTTP/2 connection.
 {"metadata":{"emulator":{"name":"firestore"},"message":"Oct 18, 2024 10:13:40 AM io.gapi.emulators.netty.HttpVersionRoutingHandler channelRead\nINFO: Detected non-HTTP/2 connection.\n"}}
[debug] [2024-10-18T01:13:42.296Z] Oct 18, 2024 10:13:42 AM io.gapi.emulators.netty.HttpVersionRoutingHandler channelRead
INFO: Detected non-HTTP/2 connection.
 {"metadata":{"emulator":{"name":"firestore"},"message":"Oct 18, 2024 10:13:42 AM io.gapi.emulators.netty.HttpVersionRoutingHandler channelRead\nINFO: Detected non-HTTP/2 connection.\n"}}
[debug] [2024-10-18T01:13:42.308Z] Oct 18, 2024 10:13:42 AM io.gapi.emulators.netty.HttpVersionRoutingHandler channelRead
INFO: Detected non-HTTP/2 connection.
 {"metadata":{"emulator":{"name":"firestore"},"message":"Oct 18, 2024 10:13:42 AM io.gapi.emulators.netty.HttpVersionRoutingHandler channelRead\nINFO: Detected non-HTTP/2 connection.\n"}}
[debug] [2024-10-18T01:13:42.326Z] Oct 18, 2024 10:13:42 AM io.gapi.emulators.netty.HttpVersionRoutingHandler channelRead
INFO: Detected non-HTTP/2 connection.
 {"metadata":{"emulator":{"name":"firestore"},"message":"Oct 18, 2024 10:13:42 AM io.gapi.emulators.netty.HttpVersionRoutingHandler channelRead\nINFO: Detected non-HTTP/2 connection.\n"}}
[debug] [2024-10-18T01:13:42.937Z] Oct 18, 2024 10:13:42 AM io.gapi.emulators.netty.HttpVersionRoutingHandler channelRead
INFO: Detected non-HTTP/2 connection.
 {"metadata":{"emulator":{"name":"firestore"},"message":"Oct 18, 2024 10:13:42 AM io.gapi.emulators.netty.HttpVersionRoutingHandler channelRead\nINFO: Detected non-HTTP/2 connection.\n"}}
[debug] [2024-10-18T01:13:42.946Z] Oct 18, 2024 10:13:42 AM io.gapi.emulators.netty.HttpVersionRoutingHandler channelRead
INFO: Detected non-HTTP/2 connection.
 {"metadata":{"emulator":{"name":"firestore"},"message":"Oct 18, 2024 10:13:42 AM io.gapi.emulators.netty.HttpVersionRoutingHandler channelRead\nINFO: Detected non-HTTP/2 connection.\n"}}
[debug] [2024-10-18T01:13:42.957Z] Oct 18, 2024 10:13:42 AM io.gapi.emulators.netty.HttpVersionRoutingHandler channelRead
INFO: Detected non-HTTP/2 connection.
 {"metadata":{"emulator":{"name":"firestore"},"message":"Oct 18, 2024 10:13:42 AM io.gapi.emulators.netty.HttpVersionRoutingHandler channelRead\nINFO: Detected non-HTTP/2 connection.\n"}}
[debug] [2024-10-18T01:14:40.825Z] Oct 18, 2024 10:14:40 AM io.gapi.emulators.netty.HttpVersionRoutingHandler channelRead
INFO: Detected non-HTTP/2 connection.
 {"metadata":{"emulator":{"name":"firestore"},"message":"Oct 18, 2024 10:14:40 AM io.gapi.emulators.netty.HttpVersionRoutingHandler channelRead\nINFO: Detected non-HTTP/2 connection.\n"}}
[debug] [2024-10-18T01:14:41.462Z] Oct 18, 2024 10:14:41 AM io.gapi.emulators.netty.HttpVersionRoutingHandler channelRead
INFO: Detected non-HTTP/2 connection.
 {"metadata":{"emulator":{"name":"firestore"},"message":"Oct 18, 2024 10:14:41 AM io.gapi.emulators.netty.HttpVersionRoutingHandler channelRead\nINFO: Detected non-HTTP/2 connection.\n"}}
[debug] [2024-10-18T01:14:41.466Z] Oct 18, 2024 10:14:41 AM com.google.cloud.datastore.emulator.firestore.webchannel.FirestoreV1WebChannelAdapter$FirestoreListenHandler onClose
INFO: channel closed
 {"metadata":{"emulator":{"name":"firestore"},"message":"Oct 18, 2024 10:14:41 AM com.google.cloud.datastore.emulator.firestore.webchannel.FirestoreV1WebChannelAdapter$FirestoreListenHandler onClose\nINFO: channel closed\n"}}
[debug] [2024-10-18T01:14:42.968Z] Oct 18, 2024 10:14:42 AM io.gapi.emulators.netty.HttpVersionRoutingHandler channelRead
INFO: Detected non-HTTP/2 connection.
 {"metadata":{"emulator":{"name":"firestore"},"message":"Oct 18, 2024 10:14:42 AM io.gapi.emulators.netty.HttpVersionRoutingHandler channelRead\nINFO: Detected non-HTTP/2 connection.\n"}}
[debug] [2024-10-18T01:14:43.461Z] Oct 18, 2024 10:14:43 AM io.gapi.emulators.netty.HttpVersionRoutingHandler channelRead
INFO: Detected non-HTTP/2 connection.
 {"metadata":{"emulator":{"name":"firestore"},"message":"Oct 18, 2024 10:14:43 AM io.gapi.emulators.netty.HttpVersionRoutingHandler channelRead\nINFO: Detected non-HTTP/2 connection.\n"}}
[debug] [2024-10-18T01:14:43.464Z] Oct 18, 2024 10:14:43 AM com.google.cloud.datastore.emulator.firestore.webchannel.FirestoreV1WebChannelAdapter$FirestoreListenHandler onClose
INFO: channel closed
 {"metadata":{"emulator":{"name":"firestore"},"message":"Oct 18, 2024 10:14:43 AM com.google.cloud.datastore.emulator.firestore.webchannel.FirestoreV1WebChannelAdapter$FirestoreListenHandler onClose\nINFO: channel closed\n"}}
